{"level":"info","message":"::1 - - [24/Feb/2025:14:07:45 +0000] \"POST /api/auth/login HTTP/1.1\" 400 33 \"-\" \"PostmanRuntime/7.43.0\"\n"}
{"level":"info","message":"::1 - - [24/Feb/2025:14:07:57 +0000] \"POST /api/auth/login HTTP/1.1\" 400 33 \"-\" \"PostmanRuntime/7.43.0\"\n"}
{"level":"info","message":"::1 - - [24/Feb/2025:14:09:30 +0000] \"POST /api/auth/register HTTP/1.1\" 201 42 \"-\" \"PostmanRuntime/7.43.0\"\n"}
{"level":"info","message":"::1 - - [24/Feb/2025:14:09:58 +0000] \"POST /api/auth/register HTTP/1.1\" 201 42 \"-\" \"PostmanRuntime/7.43.0\"\n"}
{"level":"info","message":"::1 - - [24/Feb/2025:14:10:16 +0000] \"POST /api/auth/register HTTP/1.1\" 201 42 \"-\" \"PostmanRuntime/7.43.0\"\n"}
{"level":"info","message":"::1 - - [24/Feb/2025:14:10:32 +0000] \"POST /api/auth/register HTTP/1.1\" 201 42 \"-\" \"PostmanRuntime/7.43.0\"\n"}
{"level":"info","message":"::1 - - [24/Feb/2025:14:10:34 +0000] \"POST /api/auth/register HTTP/1.1\" 400 33 \"-\" \"PostmanRuntime/7.43.0\"\n"}
{"level":"info","message":"::1 - - [24/Feb/2025:14:12:52 +0000] \"POST /api/auth/login HTTP/1.1\" 200 183 \"-\" \"PostmanRuntime/7.43.0\"\n"}
{"level":"info","message":"::1 - - [24/Feb/2025:14:14:55 +0000] \"GET /api/incidents/all HTTP/1.1\" 401 27 \"-\" \"PostmanRuntime/7.43.0\"\n"}
{"level":"info","message":"::1 - - [24/Feb/2025:14:16:46 +0000] \"GET /api/incidents/all HTTP/1.1\" 401 27 \"-\" \"PostmanRuntime/7.43.0\"\n"}
{"level":"info","message":"::1 - - [24/Feb/2025:14:17:28 +0000] \"GET /api/incidents/all HTTP/1.1\" 401 27 \"-\" \"PostmanRuntime/7.43.0\"\n"}
{"level":"info","message":"::1 - - [24/Feb/2025:14:18:51 +0000] \"POST /api/auth/login HTTP/1.1\" 200 183 \"-\" \"PostmanRuntime/7.43.0\"\n"}
{"level":"info","message":"::1 - - [24/Feb/2025:14:20:58 +0000] \"GET /api/incidents/all HTTP/1.1\" 401 27 \"-\" \"PostmanRuntime/7.43.0\"\n"}
{"level":"info","message":"::1 - - [24/Feb/2025:14:21:13 +0000] \"GET /api/incidents/all HTTP/1.1\" 401 27 \"-\" \"PostmanRuntime/7.43.0\"\n"}
{"level":"info","message":"::1 - - [24/Feb/2025:14:29:43 +0000] \"GET /api/incidents/all HTTP/1.1\" 401 27 \"-\" \"PostmanRuntime/7.43.0\"\n"}
{"level":"info","message":"::1 - - [24/Feb/2025:14:30:53 +0000] \"GET /api/incidents/all HTTP/1.1\" 401 27 \"-\" \"PostmanRuntime/7.43.0\"\n"}
{"level":"info","message":"::1 - - [24/Feb/2025:14:31:07 +0000] \"GET /api/incidents/all HTTP/1.1\" 401 27 \"-\" \"PostmanRuntime/7.43.0\"\n"}
{"level":"info","message":"::1 - - [24/Feb/2025:14:31:17 +0000] \"GET /api/incidents/all HTTP/1.1\" 401 27 \"-\" \"PostmanRuntime/7.43.0\"\n"}
{"level":"info","message":"::1 - - [24/Feb/2025:14:32:59 +0000] \"GET /api/incidents/all HTTP/1.1\" 401 27 \"-\" \"PostmanRuntime/7.43.0\"\n"}
{"level":"info","message":"::1 - - [24/Feb/2025:14:33:48 +0000] \"GET /api/incidents/all HTTP/1.1\" 401 27 \"-\" \"PostmanRuntime/7.43.0\"\n"}
{"level":"info","message":"::1 - - [24/Feb/2025:14:34:38 +0000] \"GET /api/incidents/all HTTP/1.1\" 401 27 \"-\" \"PostmanRuntime/7.43.0\"\n"}
{"level":"info","message":"::1 - - [24/Feb/2025:14:35:38 +0000] \"GET /api/incidents/all HTTP/1.1\" 401 27 \"-\" \"PostmanRuntime/7.43.0\"\n"}
{"level":"info","message":"::1 - - [24/Feb/2025:14:39:44 +0000] \"POST /api/auth/login HTTP/1.1\" 200 183 \"-\" \"PostmanRuntime/7.43.0\"\n"}
{"level":"info","message":"::1 - - [24/Feb/2025:14:42:29 +0000] \"POST /api/auth/login HTTP/1.1\" 200 183 \"-\" \"PostmanRuntime/7.43.0\"\n"}
{"level":"info","message":"::1 - - [24/Feb/2025:14:42:49 +0000] \"GET /api/incidents/all HTTP/1.1\" 401 27 \"-\" \"PostmanRuntime/7.43.0\"\n"}
{"level":"info","message":"::1 - - [24/Feb/2025:14:42:54 +0000] \"GET /api/incidents/all HTTP/1.1\" 401 27 \"-\" \"PostmanRuntime/7.43.0\"\n"}
{"level":"info","message":"::1 - - [24/Feb/2025:14:43:04 +0000] \"GET /api/incidents/all HTTP/1.1\" 401 27 \"-\" \"PostmanRuntime/7.43.0\"\n"}
{"level":"info","message":"::1 - - [24/Feb/2025:14:43:41 +0000] \"POST /api/auth/login HTTP/1.1\" 200 183 \"-\" \"PostmanRuntime/7.43.0\"\n"}
{"level":"info","message":"::1 - - [24/Feb/2025:14:44:05 +0000] \"GET /api/incidents/all HTTP/1.1\" 401 27 \"-\" \"PostmanRuntime/7.43.0\"\n"}
{"level":"info","message":"::1 - - [24/Feb/2025:14:47:14 +0000] \"GET /api/incidents/all HTTP/1.1\" 401 27 \"-\" \"PostmanRuntime/7.43.0\"\n"}
{"level":"info","message":"::1 - - [24/Feb/2025:14:47:24 +0000] \"POST /api/auth/login HTTP/1.1\" 200 183 \"-\" \"PostmanRuntime/7.43.0\"\n"}
{"level":"info","message":"::1 - - [24/Feb/2025:14:47:48 +0000] \"GET /api/incidents/all HTTP/1.1\" 401 27 \"-\" \"PostmanRuntime/7.43.0\"\n"}
{"level":"info","message":"::1 - - [24/Feb/2025:14:48:26 +0000] \"POST /api/auth/login HTTP/1.1\" 200 183 \"-\" \"PostmanRuntime/7.43.0\"\n"}
{"level":"info","message":"::1 - - [24/Feb/2025:14:48:37 +0000] \"GET /api/incidents/all HTTP/1.1\" 401 27 \"-\" \"PostmanRuntime/7.43.0\"\n"}
{"level":"info","message":"::1 - - [24/Feb/2025:14:50:41 +0000] \"GET /api/incidents/all HTTP/1.1\" 403 31 \"-\" \"PostmanRuntime/7.43.0\"\n"}
{"level":"info","message":"::1 - - [24/Feb/2025:14:51:18 +0000] \"GET /api/incidents/all HTTP/1.1\" 403 31 \"-\" \"PostmanRuntime/7.43.0\"\n"}
{"level":"info","message":"::1 - - [24/Feb/2025:14:52:04 +0000] \"GET /api/incidents/all HTTP/1.1\" 403 31 \"-\" \"PostmanRuntime/7.43.0\"\n"}
{"level":"info","message":"::1 - - [24/Feb/2025:14:52:42 +0000] \"GET /api/incidents/all HTTP/1.1\" 401 27 \"-\" \"PostmanRuntime/7.43.0\"\n"}
{"level":"info","message":"::1 - - [24/Feb/2025:14:53:30 +0000] \"POST /api/auth/login HTTP/1.1\" 200 183 \"-\" \"PostmanRuntime/7.43.0\"\n"}
{"level":"info","message":"::1 - - [24/Feb/2025:14:53:43 +0000] \"GET /api/incidents/all HTTP/1.1\" 401 27 \"-\" \"PostmanRuntime/7.43.0\"\n"}
{"level":"info","message":"::1 - - [24/Feb/2025:14:54:08 +0000] \"GET /api/incidents/all HTTP/1.1\" 403 31 \"-\" \"PostmanRuntime/7.43.0\"\n"}
{"level":"info","message":"::1 - - [24/Feb/2025:14:54:34 +0000] \"GET /api/incidents/all HTTP/1.1\" 403 31 \"-\" \"PostmanRuntime/7.43.0\"\n"}
{"level":"info","message":"::1 - - [24/Feb/2025:15:39:00 +0000] \"POST /api/auth/login HTTP/1.1\" 200 183 \"-\" \"PostmanRuntime/7.43.0\"\n"}
{"level":"info","message":"::1 - - [24/Feb/2025:15:40:06 +0000] \"GET /api/incidents/all HTTP/1.1\" 401 27 \"-\" \"PostmanRuntime/7.43.0\"\n"}
{"level":"info","message":"::1 - - [24/Feb/2025:15:40:38 +0000] \"GET /api/incidents/all HTTP/1.1\" 403 31 \"-\" \"PostmanRuntime/7.43.0\"\n"}
{"level":"info","message":"::1 - - [24/Feb/2025:15:41:07 +0000] \"GET /api/incidents/all HTTP/1.1\" 403 31 \"-\" \"PostmanRuntime/7.43.0\"\n"}
{"level":"info","message":"::1 - - [24/Feb/2025:15:41:29 +0000] \"GET /api/incidents/all HTTP/1.1\" 401 27 \"-\" \"PostmanRuntime/7.43.0\"\n"}
{"level":"info","message":"::1 - - [24/Feb/2025:15:42:13 +0000] \"GET /api/incidents/all HTTP/1.1\" 401 27 \"-\" \"PostmanRuntime/7.43.0\"\n"}
{"level":"info","message":"::1 - - [24/Feb/2025:15:42:34 +0000] \"GET /api/incidents/all HTTP/1.1\" 401 27 \"-\" \"PostmanRuntime/7.43.0\"\n"}
{"level":"info","message":"::1 - - [24/Feb/2025:15:42:50 +0000] \"GET /api/incidents/all HTTP/1.1\" 403 31 \"-\" \"PostmanRuntime/7.43.0\"\n"}
{"level":"info","message":"::1 - - [24/Feb/2025:15:44:20 +0000] \"GET /api/incidents/all HTTP/1.1\" 401 27 \"-\" \"PostmanRuntime/7.43.0\"\n"}
{"level":"info","message":"::1 - - [24/Feb/2025:15:44:22 +0000] \"GET /api/incidents/all HTTP/1.1\" 401 27 \"-\" \"PostmanRuntime/7.43.0\"\n"}
{"level":"info","message":"::1 - - [24/Feb/2025:15:44:46 +0000] \"GET /api/incidents/all HTTP/1.1\" 401 27 \"-\" \"PostmanRuntime/7.43.0\"\n"}
{"level":"info","message":"::1 - - [24/Feb/2025:15:44:48 +0000] \"GET /api/incidents/all HTTP/1.1\" 401 27 \"-\" \"PostmanRuntime/7.43.0\"\n"}
{"level":"info","message":"::1 - - [24/Feb/2025:15:45:39 +0000] \"GET /api/incidents/all HTTP/1.1\" 401 27 \"-\" \"PostmanRuntime/7.43.0\"\n"}
{"level":"info","message":"::1 - - [24/Feb/2025:15:45:55 +0000] \"POST /api/auth/login HTTP/1.1\" 200 183 \"-\" \"PostmanRuntime/7.43.0\"\n"}
{"level":"info","message":"::1 - - [24/Feb/2025:15:46:14 +0000] \"GET /api/incidents/all HTTP/1.1\" 401 27 \"-\" \"PostmanRuntime/7.43.0\"\n"}
{"level":"info","message":"::1 - - [24/Feb/2025:15:46:17 +0000] \"GET /api/incidents/all HTTP/1.1\" 401 27 \"-\" \"PostmanRuntime/7.43.0\"\n"}
{"level":"info","message":"::1 - - [24/Feb/2025:15:46:55 +0000] \"GET /api/incidents/all HTTP/1.1\" 401 27 \"-\" \"PostmanRuntime/7.43.0\"\n"}
{"level":"info","message":"::1 - - [24/Feb/2025:15:47:07 +0000] \"GET /api/incidents/all HTTP/1.1\" 401 27 \"-\" \"PostmanRuntime/7.43.0\"\n"}
{"level":"info","message":"::1 - - [24/Feb/2025:15:48:19 +0000] \"GET /api/incidents/all HTTP/1.1\" 401 27 \"-\" \"PostmanRuntime/7.43.0\"\n"}
{"level":"info","message":"::1 - - [24/Feb/2025:15:49:04 +0000] \"GET /api/incidents/all HTTP/1.1\" 401 27 \"-\" \"PostmanRuntime/7.43.0\"\n"}
{"level":"info","message":"::1 - - [24/Feb/2025:15:49:21 +0000] \"POST /api/auth/login HTTP/1.1\" 200 183 \"-\" \"PostmanRuntime/7.43.0\"\n"}
{"level":"info","message":"::1 - - [24/Feb/2025:15:49:31 +0000] \"GET /api/incidents/all HTTP/1.1\" 403 31 \"-\" \"PostmanRuntime/7.43.0\"\n"}
{"level":"info","message":"::1 - - [24/Feb/2025:15:53:22 +0000] \"GET /api/incidents/all HTTP/1.1\" 403 31 \"-\" \"PostmanRuntime/7.43.0\"\n"}
{"level":"info","message":"::1 - - [24/Feb/2025:15:53:28 +0000] \"GET /api/incidents/all HTTP/1.1\" 403 31 \"-\" \"PostmanRuntime/7.43.0\"\n"}
{"level":"info","message":"::1 - - [24/Feb/2025:15:55:04 +0000] \"GET /api/incidents/all HTTP/1.1\" 403 31 \"-\" \"PostmanRuntime/7.43.0\"\n"}
{"level":"info","message":"::1 - - [24/Feb/2025:15:56:26 +0000] \"POST /api/auth/login HTTP/1.1\" 200 201 \"-\" \"PostmanRuntime/7.43.0\"\n"}
{"level":"info","message":"::1 - - [24/Feb/2025:15:57:19 +0000] \"GET /api/incidents/all HTTP/1.1\" 403 31 \"-\" \"PostmanRuntime/7.43.0\"\n"}
{"level":"info","message":"::1 - - [24/Feb/2025:15:59:51 +0000] \"POST /api/auth/register HTTP/1.1\" 201 42 \"-\" \"PostmanRuntime/7.43.0\"\n"}
{"level":"info","message":"::1 - - [24/Feb/2025:16:00:00 +0000] \"POST /api/auth/register HTTP/1.1\" 400 33 \"-\" \"PostmanRuntime/7.43.0\"\n"}
{"level":"info","message":"::1 - - [24/Feb/2025:16:00:08 +0000] \"POST /api/auth/login HTTP/1.1\" 200 201 \"-\" \"PostmanRuntime/7.43.0\"\n"}
{"level":"info","message":"::1 - - [24/Feb/2025:16:00:20 +0000] \"GET /api/incidents/all HTTP/1.1\" 403 31 \"-\" \"PostmanRuntime/7.43.0\"\n"}
{"level":"info","message":"::1 - - [24/Feb/2025:16:03:11 +0000] \"POST /api/auth/login HTTP/1.1\" 200 201 \"-\" \"PostmanRuntime/7.43.0\"\n"}
{"level":"info","message":"::1 - - [24/Feb/2025:16:03:19 +0000] \"GET /api/incidents/all HTTP/1.1\" 403 31 \"-\" \"PostmanRuntime/7.43.0\"\n"}
{"level":"info","message":"::1 - - [24/Feb/2025:16:03:46 +0000] \"POST /api/auth/login HTTP/1.1\" 200 201 \"-\" \"PostmanRuntime/7.43.0\"\n"}
{"level":"info","message":"::1 - - [24/Feb/2025:16:04:03 +0000] \"GET /api/incidents/all HTTP/1.1\" 403 31 \"-\" \"PostmanRuntime/7.43.0\"\n"}
{"level":"info","message":"::1 - - [24/Feb/2025:16:08:41 +0000] \"POST /api/auth/register HTTP/1.1\" 201 42 \"-\" \"PostmanRuntime/7.43.0\"\n"}
{"level":"info","message":"::1 - - [24/Feb/2025:16:08:49 +0000] \"POST /api/auth/login HTTP/1.1\" 200 203 \"-\" \"PostmanRuntime/7.43.0\"\n"}
{"level":"info","message":"::1 - - [24/Feb/2025:16:09:01 +0000] \"GET /api/incidents/all HTTP/1.1\" 200 1559 \"-\" \"PostmanRuntime/7.43.0\"\n"}
{"level":"info","message":"::1 - - [24/Feb/2025:16:13:15 +0000] \"PUT /api/incidents/67a4f5e3d5bdc3d43ff510fa/resolve HTTP/1.1\" 401 27 \"-\" \"PostmanRuntime/7.43.0\"\n"}
{"level":"info","message":"::1 - - [24/Feb/2025:16:13:31 +0000] \"POST /api/auth/login HTTP/1.1\" 200 203 \"-\" \"PostmanRuntime/7.43.0\"\n"}
{"level":"info","message":"::1 - - [24/Feb/2025:16:13:39 +0000] \"PUT /api/incidents/67a4f5e3d5bdc3d43ff510fa/resolve?Authorization=eyJhbGciOiJIUzI1NiIsInR5cCI6IkpXVCJ9.eyJpZCI6IjY3YmM5OTg5MGVhYTFlOGY3NmNmNDJlYiIsInJvbGUiOiJhZG1pbiIsImlhdCI6MTc0MDQxMzYxMSwiZXhwIjoxNzQwNDE3MjExfQ.fbgr9JNPhfOBM8j0rC3yWKOHhY-n-hb8R1DtcQmv9j4 HTTP/1.1\" 401 27 \"-\" \"PostmanRuntime/7.43.0\"\n"}
{"level":"info","message":"::1 - - [24/Feb/2025:16:14:04 +0000] \"PUT /api/incidents/67a4f5e3d5bdc3d43ff510fa/resolve?Authorization=eyJhbGciOiJIUzI1NiIsInR5cCI6IkpXVCJ9.eyJpZCI6IjY3YmM5OTg5MGVhYTFlOGY3NmNmNDJlYiIsInJvbGUiOiJhZG1pbiIsImlhdCI6MTc0MDQxMzYxMSwiZXhwIjoxNzQwNDE3MjExfQ.fbgr9JNPhfOBM8j0rC3yWKOHhY-n-hb8R1DtcQmv9j4 HTTP/1.1\" 401 27 \"-\" \"PostmanRuntime/7.43.0\"\n"}
{"level":"info","message":"::1 - - [24/Feb/2025:16:15:04 +0000] \"PUT /api/incidents/67a4f5e3d5bdc3d43ff510fa/resolve?Authorization=eyJhbGciOiJIUzI1NiIsInR5cCI6IkpXVCJ9.eyJpZCI6IjY3YmM5OTg5MGVhYTFlOGY3NmNmNDJlYiIsInJvbGUiOiJhZG1pbiIsImlhdCI6MTc0MDQxMzYxMSwiZXhwIjoxNzQwNDE3MjExfQ.fbgr9JNPhfOBM8j0rC3yWKOHhY-n-hb8R1DtcQmv9j4 HTTP/1.1\" 401 27 \"-\" \"PostmanRuntime/7.43.0\"\n"}
{"level":"info","message":"::1 - - [24/Feb/2025:16:15:06 +0000] \"PUT /api/incidents/67a4f5e3d5bdc3d43ff510fa/resolve?Authorization=eyJhbGciOiJIUzI1NiIsInR5cCI6IkpXVCJ9.eyJpZCI6IjY3YmM5OTg5MGVhYTFlOGY3NmNmNDJlYiIsInJvbGUiOiJhZG1pbiIsImlhdCI6MTc0MDQxMzYxMSwiZXhwIjoxNzQwNDE3MjExfQ.fbgr9JNPhfOBM8j0rC3yWKOHhY-n-hb8R1DtcQmv9j4 HTTP/1.1\" 401 27 \"-\" \"PostmanRuntime/7.43.0\"\n"}
{"level":"info","message":"::1 - - [24/Feb/2025:16:16:03 +0000] \"POST /api/auth/login HTTP/1.1\" 200 203 \"-\" \"PostmanRuntime/7.43.0\"\n"}
{"level":"info","message":"::1 - - [24/Feb/2025:16:16:18 +0000] \"GET /api/incidents/all HTTP/1.1\" 200 1559 \"-\" \"PostmanRuntime/7.43.0\"\n"}
{"level":"info","message":"::1 - - [24/Feb/2025:16:16:22 +0000] \"PUT /api/incidents/67a4f5e3d5bdc3d43ff510fa/resolve?Authorization=eyJhbGciOiJIUzI1NiIsInR5cCI6IkpXVCJ9.eyJpZCI6IjY3YmM5OTg5MGVhYTFlOGY3NmNmNDJlYiIsInJvbGUiOiJhZG1pbiIsImlhdCI6MTc0MDQxMzc2MywiZXhwIjoxNzQwNDE3MzYzfQ.1wxxTRsxNXeITIbZhnEpEU5hJyppAWui40dFwY9HB2E HTTP/1.1\" 401 27 \"-\" \"PostmanRuntime/7.43.0\"\n"}
{"level":"info","message":"::1 - - [24/Feb/2025:16:16:55 +0000] \"PUT /api/incidents/67a4f5e3d5bdc3d43ff510fa/resolve?Authorization=eyJhbGciOiJIUzI1NiIsInR5cCI6IkpXVCJ9.eyJpZCI6IjY3YmM5OTg5MGVhYTFlOGY3NmNmNDJlYiIsInJvbGUiOiJhZG1pbiIsImlhdCI6MTc0MDQxMzc2MywiZXhwIjoxNzQwNDE3MzYzfQ.1wxxTRsxNXeITIbZhnEpEU5hJyppAWui40dFwY9HB2E HTTP/1.1\" 200 267 \"-\" \"PostmanRuntime/7.43.0\"\n"}
{"level":"info","message":"::1 - - [24/Feb/2025:16:18:46 +0000] \"GET /api/incidents/all HTTP/1.1\" 200 1557 \"-\" \"PostmanRuntime/7.43.0\"\n"}
{"level":"info","message":"::1 - - [24/Feb/2025:16:18:51 +0000] \"GET /api/incidents/all?page=1&limit=5 HTTP/1.1\" 200 1127 \"-\" \"PostmanRuntime/7.43.0\"\n"}
{"level":"info","message":"::1 - - [24/Feb/2025:16:18:54 +0000] \"GET /api/incidents/all?page=1&limit=3 HTTP/1.1\" 200 695 \"-\" \"PostmanRuntime/7.43.0\"\n"}
{"level":"info","message":"::1 - - [24/Feb/2025:16:19:11 +0000] \"GET /api/incidents/all?page=2&limit=3 HTTP/1.1\" 200 693 \"-\" \"PostmanRuntime/7.43.0\"\n"}
{"level":"info","message":"::1 - - [24/Feb/2025:16:19:46 +0000] \"GET /api/incidents/all?page=2&limit=3&status=Unresolved HTTP/1.1\" 200 47 \"-\" \"PostmanRuntime/7.43.0\"\n"}
{"level":"info","message":"::1 - - [24/Feb/2025:16:19:53 +0000] \"GET /api/incidents/all?page=2&limit=3&status=resolved HTTP/1.1\" 200 47 \"-\" \"PostmanRuntime/7.43.0\"\n"}
{"level":"info","message":"::1 - - [24/Feb/2025:16:19:58 +0000] \"GET /api/incidents/all?page=2&limit=3&status=Resolved HTTP/1.1\" 200 261 \"-\" \"PostmanRuntime/7.43.0\"\n"}
{"level":"info","message":"::1 - - [24/Feb/2025:16:22:25 +0000] \"DELETE /api/incidents/67a4f5e3d5bdc3d43ff510fa HTTP/1.1\" 200 43 \"-\" \"PostmanRuntime/7.43.0\"\n"}
{"level":"info","message":"::1 - - [24/Feb/2025:16:22:43 +0000] \"PUT /api/incidents/67a4f5e3d5bdc3d43ff510fa/resolve HTTP/1.1\" 404 32 \"-\" \"PostmanRuntime/7.43.0\"\n"}
